    OpenRGB v0.9+ (1.0rc2)
    Commit:  from 
    Launched: 20251110_205710
====================================================================================================

0     |Info:    [ProfileManager] Found file: Snowball.orp attempting to validate header
0     |Info:    [ProfileManager] Valid v5 profile found for Snowball
55    |Info:    [ResourceManager] Initializing HID interfaces: Success
55    |Info:    ------------------------------------------------------
55    |Info:    |               Start device detection               |
55    |Info:    ------------------------------------------------------
63    |Info:    ------------------------------------------------------
63    |Info:    |             Detecting I2C interfaces               |
63    |Info:    ------------------------------------------------------
63    |Info:    [ResourceManager] Registering I2C interface: /dev/i2c-3 Device 8086:5917 Subsystem: 17AA:225D
63    |Info:    [ResourceManager] Registering I2C interface: /dev/i2c-1 Device 8086:5917 Subsystem: 17AA:225D
63    |Warning: [i2c_smbus_linux] Failed to read i2c device PCI device ID
63    |Info:    [ResourceManager] Registering I2C interface: /dev/i2c-6 Device 0000:0000 Subsystem: 0000:0000
63    |Warning: [i2c_smbus_linux] Failed to read i2c device PCI device ID
63    |Info:    [ResourceManager] Registering I2C interface: /dev/i2c-4 Device 0000:0000 Subsystem: 0000:0000
63    |Info:    [ResourceManager] Registering I2C interface: /dev/i2c-2 Device 8086:5917 Subsystem: 17AA:225D
63    |Info:    [ResourceManager] Registering I2C interface: /dev/i2c-0 Device 0000:0000 Subsystem: 0000:0000
63    |Info:    [ResourceManager] Registering I2C interface: /dev/i2c-7 Device 8086:9D23 Subsystem: 17AA:225D
63    |Warning: [i2c_smbus_linux] Failed to read i2c device PCI device ID
64    |Info:    [ResourceManager] Registering I2C interface: /dev/i2c-5 Device 0000:0000 Subsystem: 0000:0000
64    |Info:    ------------------------------------------------------
64    |Info:    |               Detecting I2C devices                |
64    |Info:    ------------------------------------------------------
79    |Info:    ------------------------------------------------------
79    |Info:    |            Detecting I2C DIMM modules              |
79    |Info:    ------------------------------------------------------
79    |Info:    ------------------------------------------------------
79    |Info:    |               Detecting I2C PCI devices            |
79    |Info:    ------------------------------------------------------
81    |Info:    ------------------------------------------------------
81    |Info:    |               Detecting HID devices                |
81    |Info:    ------------------------------------------------------
91    |Info:    [Logitech G Pro RGB Mechanical Gaming Keyboard] Registering RGB controller
91    |Info:    ------------------------------------------------------
91    |Info:    |            Detecting libusb HID devices            |
91    |Info:    ------------------------------------------------------
109   |Info:    ------------------------------------------------------
109   |Info:    |              Detecting other devices               |
109   |Info:    ------------------------------------------------------
134   |Info:    [ResourceManager] Calling Post-detection callbacks
134   |Info:    ------------------------------------------------------
134   |Info:    |                Detection completed                 |
134   |Info:    ------------------------------------------------------
134   |Dialog:  <h2>Some internal devices may not be detected:</h2><p>One or more I2C or SMBus interfaces failed to initialize.</p><p><b>RGB DRAM modules, some motherboards' onboard RGB lighting, and RGB Graphics Cards, will not be available in OpenRGB</b> without I2C or SMBus.</p><h4>How to fix this:</h4><p>On Linux, this is usually because the i2c-dev module is not loaded.</p><p>You must load the i2c-dev module along with the correct i2c driver for your motherboard. This is usually i2c-piix4 for AMD systems and i2c-i801 for Intel systems.</p><p>See <a href='https://help.openrgb.org/'>help.openrgb.org</a> for additional troubleshooting steps if you keep seeing this message.<br></p><h3>If you are not using internal RGB on a desktop this message is not important to you.</h3>
