    OpenRGB v0.9+ (1.0rc2)
    Commit:  from 
    Launched: 20251110_205625
====================================================================================================

56    |Info:    [ResourceManager] Saving detector settings
58    |Info:    [ResourceManager] Initializing HID interfaces: Success
58    |Info:    ------------------------------------------------------
58    |Info:    |               Start device detection               |
58    |Info:    ------------------------------------------------------
65    |Info:    ------------------------------------------------------
65    |Info:    |             Detecting I2C interfaces               |
65    |Info:    ------------------------------------------------------
65    |Info:    [ResourceManager] Registering I2C interface: /dev/i2c-3 Device 8086:5917 Subsystem: 17AA:225D
65    |Info:    [ResourceManager] Registering I2C interface: /dev/i2c-1 Device 8086:5917 Subsystem: 17AA:225D
65    |Warning: [i2c_smbus_linux] Failed to read i2c device PCI device ID
65    |Info:    [ResourceManager] Registering I2C interface: /dev/i2c-6 Device 0000:0000 Subsystem: 0000:0000
65    |Warning: [i2c_smbus_linux] Failed to read i2c device PCI device ID
65    |Info:    [ResourceManager] Registering I2C interface: /dev/i2c-4 Device 0000:0000 Subsystem: 0000:0000
65    |Info:    [ResourceManager] Registering I2C interface: /dev/i2c-2 Device 8086:5917 Subsystem: 17AA:225D
65    |Info:    [ResourceManager] Registering I2C interface: /dev/i2c-0 Device 0000:0000 Subsystem: 0000:0000
66    |Info:    [ResourceManager] Registering I2C interface: /dev/i2c-7 Device 8086:9D23 Subsystem: 17AA:225D
66    |Warning: [i2c_smbus_linux] Failed to read i2c device PCI device ID
66    |Info:    [ResourceManager] Registering I2C interface: /dev/i2c-5 Device 0000:0000 Subsystem: 0000:0000
66    |Info:    ------------------------------------------------------
66    |Info:    |               Detecting I2C devices                |
66    |Info:    ------------------------------------------------------
82    |Info:    ------------------------------------------------------
82    |Info:    |            Detecting I2C DIMM modules              |
82    |Info:    ------------------------------------------------------
82    |Info:    ------------------------------------------------------
82    |Info:    |               Detecting I2C PCI devices            |
82    |Info:    ------------------------------------------------------
85    |Info:    ------------------------------------------------------
85    |Info:    |               Detecting HID devices                |
86    |Info:    ------------------------------------------------------
87    |Info:    [Logitech G Pro RGB Mechanical Gaming Keyboard] Registering RGB controller
87    |Info:    ------------------------------------------------------
87    |Info:    |            Detecting libusb HID devices            |
87    |Info:    ------------------------------------------------------
107   |Info:    ------------------------------------------------------
107   |Info:    |              Detecting other devices               |
107   |Info:    ------------------------------------------------------
146   |Info:    [ResourceManager] Calling Post-detection callbacks
146   |Info:    ------------------------------------------------------
146   |Info:    |                Detection completed                 |
146   |Info:    ------------------------------------------------------
146   |Dialog:  <h2>Some internal devices may not be detected:</h2><p>One or more I2C or SMBus interfaces failed to initialize.</p><p><b>RGB DRAM modules, some motherboards' onboard RGB lighting, and RGB Graphics Cards, will not be available in OpenRGB</b> without I2C or SMBus.</p><h4>How to fix this:</h4><p>On Linux, this is usually because the i2c-dev module is not loaded.</p><p>You must load the i2c-dev module along with the correct i2c driver for your motherboard. This is usually i2c-piix4 for AMD systems and i2c-i801 for Intel systems.</p><p>See <a href='https://help.openrgb.org/'>help.openrgb.org</a> for additional troubleshooting steps if you keep seeing this message.<br></p><h3>If you are not using internal RGB on a desktop this message is not important to you.</h3>
26515 |Info:    [ProfileManager] Found file: Snowball.orp attempting to validate header
26515 |Info:    [ProfileManager] Valid v5 profile found for Snowball
